<?xml version="1.0" encoding="UTF-8"?>
<testsuite name="MessageFormattingTest" tests="1" skipped="0" failures="0" errors="0" timestamp="2021-11-18T20:44:59" hostname="LAPTOP-4PVT6PA1" time="0.03">
  <properties/>
  <testcase name="testStringWithNewLine()" classname="MessageFormattingTest" time="0.03"/>
  <system-out><![CDATA[]]></system-out>
  <system-err><![CDATA[]]></system-err>
</testsuite>
